109.05.31 01:39 B C:\T3Series\projects\nscm\sinc\template\basic\skin\nongshim\images\common\btn_end.gif <-- T3WEB /datascm/9001/WebApp/nscm/sinc/template/basic/skin/nongshim/images/common btn_end.gif
109.05.31 01:39 B C:\T3Series\projects\nscm\sinc\template\basic\skin\nongshim\images\common\btn_fir.gif <-- T3WEB /datascm/9001/WebApp/nscm/sinc/template/basic/skin/nongshim/images/common btn_fir.gif
109.05.31 01:39 B C:\T3Series\projects\nscm\sinc\template\basic\skin\nongshim\images\common\btn_nex.gif <-- T3WEB /datascm/9001/WebApp/nscm/sinc/template/basic/skin/nongshim/images/common btn_nex.gif
109.05.31 01:39 B C:\T3Series\projects\nscm\sinc\template\basic\skin\nongshim\images\common\btn_pre.gif <-- T3WEB /datascm/9001/WebApp/nscm/sinc/template/basic/skin/nongshim/images/common btn_pre.gif
109.05.31 01:39 B C:\T3Series\projects\nscm\sinc\template\basic\skin\nongshim\images\common\doc.gif <-- T3WEB /datascm/9001/WebApp/nscm/sinc/template/basic/skin/nongshim/images/common doc.gif
109.05.31 01:39 B C:\T3Series\projects\nscm\sinc\template\basic\skin\nongshim\images\common\dot_sub1.gif <-- T3WEB /datascm/9001/WebApp/nscm/sinc/template/basic/skin/nongshim/images/common dot_sub1.gif
109.05.31 01:39 B C:\T3Series\projects\nscm\sinc\template\basic\skin\nongshim\images\common\dot_sub2.gif <-- T3WEB /datascm/9001/WebApp/nscm/sinc/template/basic/skin/nongshim/images/common dot_sub2.gif
109.05.31 01:39 B C:\T3Series\projects\nscm\sinc\template\basic\skin\nongshim\images\common\dot_sub3.gif <-- T3WEB /datascm/9001/WebApp/nscm/sinc/template/basic/skin/nongshim/images/common dot_sub3.gif
109.05.31 01:39 B C:\T3Series\projects\nscm\sinc\template\basic\skin\nongshim\images\common\dot_sub4.gif <-- T3WEB /datascm/9001/WebApp/nscm/sinc/template/basic/skin/nongshim/images/common dot_sub4.gif
109.05.31 01:39 B C:\T3Series\projects\nscm\sinc\template\basic\skin\nongshim\images\common\dot_sub5.gif <-- T3WEB /datascm/9001/WebApp/nscm/sinc/template/basic/skin/nongshim/images/common dot_sub5.gif
109.05.31 01:39 B C:\T3Series\projects\nscm\sinc\template\basic\skin\nongshim\images\common\dot_sub6.gif <-- T3WEB /datascm/9001/WebApp/nscm/sinc/template/basic/skin/nongshim/images/common dot_sub6.gif
109.05.31 01:39 B C:\T3Series\projects\nscm\sinc\template\basic\skin\nongshim\images\common\gif.gif <-- T3WEB /datascm/9001/WebApp/nscm/sinc/template/basic/skin/nongshim/images/common gif.gif
109.05.31 01:39 B C:\T3Series\projects\nscm\sinc\template\basic\skin\nongshim\images\common\html.gif <-- T3WEB /datascm/9001/WebApp/nscm/sinc/template/basic/skin/nongshim/images/common html.gif
109.05.31 01:39 B C:\T3Series\projects\nscm\sinc\template\basic\skin\nongshim\images\common\hwp.gif <-- T3WEB /datascm/9001/WebApp/nscm/sinc/template/basic/skin/nongshim/images/common hwp.gif
109.05.31 01:39 B C:\T3Series\projects\nscm\sinc\template\basic\skin\nongshim\images\common\icon_cal.gif <-- T3WEB /datascm/9001/WebApp/nscm/sinc/template/basic/skin/nongshim/images/common icon_cal.gif
109.05.31 01:39 B C:\T3Series\projects\nscm\sinc\template\basic\skin\nongshim\images\common\icon_cal2.gif <-- T3WEB /datascm/9001/WebApp/nscm/sinc/template/basic/skin/nongshim/images/common icon_cal2.gif
109.05.31 01:39 B C:\T3Series\projects\nscm\sinc\template\basic\skin\nongshim\images\common\icon_cal3.gif <-- T3WEB /datascm/9001/WebApp/nscm/sinc/template/basic/skin/nongshim/images/common icon_cal3.gif
109.05.31 01:39 B C:\T3Series\projects\nscm\sinc\template\basic\skin\nongshim\images\common\icon_h.gif <-- T3WEB /datascm/9001/WebApp/nscm/sinc/template/basic/skin/nongshim/images/common icon_h.gif
109.05.31 01:39 B C:\T3Series\projects\nscm\sinc\template\basic\skin\nongshim\images\common\icon_p.gif <-- T3WEB /datascm/9001/WebApp/nscm/sinc/template/basic/skin/nongshim/images/common icon_p.gif
109.05.31 01:39 B C:\T3Series\projects\nscm\sinc\template\basic\skin\nongshim\images\common\icon_search.gif <-- T3WEB /datascm/9001/WebApp/nscm/sinc/template/basic/skin/nongshim/images/common icon_search.gif
109.05.31 01:39 B C:\T3Series\projects\nscm\sinc\template\basic\skin\nongshim\images\common\img_error.gif <-- T3WEB /datascm/9001/WebApp/nscm/sinc/template/basic/skin/nongshim/images/common img_error.gif
109.05.31 01:39 B C:\T3Series\projects\nscm\sinc\template\basic\skin\nongshim\images\common\left_bg_bot.gif <-- T3WEB /datascm/9001/WebApp/nscm/sinc/template/basic/skin/nongshim/images/common left_bg_bot.gif
109.05.31 01:39 B C:\T3Series\projects\nscm\sinc\template\basic\skin\nongshim\images\common\left_bg_mid.gif <-- T3WEB /datascm/9001/WebApp/nscm/sinc/template/basic/skin/nongshim/images/common left_bg_mid.gif
109.05.31 01:39 B C:\T3Series\projects\nscm\sinc\template\basic\skin\nongshim\images\common\left_bg_top.gif <-- T3WEB /datascm/9001/WebApp/nscm/sinc/template/basic/skin/nongshim/images/common left_bg_top.gif
109.05.31 01:39 B C:\T3Series\projects\nscm\sinc\template\basic\skin\nongshim\images\common\loading_icon.gif <-- T3WEB /datascm/9001/WebApp/nscm/sinc/template/basic/skin/nongshim/images/common loading_icon.gif
109.05.31 01:39 B C:\T3Series\projects\nscm\sinc\template\basic\skin\nongshim\images\common\pdf.gif <-- T3WEB /datascm/9001/WebApp/nscm/sinc/template/basic/skin/nongshim/images/common pdf.gif
109.05.31 01:39 B C:\T3Series\projects\nscm\sinc\template\basic\skin\nongshim\images\common\ppt.gif <-- T3WEB /datascm/9001/WebApp/nscm/sinc/template/basic/skin/nongshim/images/common ppt.gif
109.05.31 01:39 B C:\T3Series\projects\nscm\sinc\template\basic\skin\nongshim\images\common\progress_loading.gif <-- T3WEB /datascm/9001/WebApp/nscm/sinc/template/basic/skin/nongshim/images/common progress_loading.gif
109.05.31 01:39 B C:\T3Series\projects\nscm\sinc\template\basic\skin\nongshim\images\common\progress_planning.gif <-- T3WEB /datascm/9001/WebApp/nscm/sinc/template/basic/skin/nongshim/images/common progress_planning.gif
109.05.31 01:39 B C:\T3Series\projects\nscm\sinc\template\basic\skin\nongshim\images\common\progress_saving.gif <-- T3WEB /datascm/9001/WebApp/nscm/sinc/template/basic/skin/nongshim/images/common progress_saving.gif
109.05.31 01:39 B C:\T3Series\projects\nscm\sinc\template\basic\skin\nongshim\images\common\progress_waiting.gif <-- T3WEB /datascm/9001/WebApp/nscm/sinc/template/basic/skin/nongshim/images/common progress_waiting.gif
109.05.31 01:39 B C:\T3Series\projects\nscm\sinc\template\basic\skin\nongshim\images\common\tab_c_left.gif <-- T3WEB /datascm/9001/WebApp/nscm/sinc/template/basic/skin/nongshim/images/common tab_c_left.gif
109.05.31 01:39 B C:\T3Series\projects\nscm\sinc\template\basic\skin\nongshim\images\common\tab_c_mid.gif <-- T3WEB /datascm/9001/WebApp/nscm/sinc/template/basic/skin/nongshim/images/common tab_c_mid.gif
109.05.31 01:39 B C:\T3Series\projects\nscm\sinc\template\basic\skin\nongshim\images\common\tab_c_right.gif <-- T3WEB /datascm/9001/WebApp/nscm/sinc/template/basic/skin/nongshim/images/common tab_c_right.gif
109.05.31 01:39 B C:\T3Series\projects\nscm\sinc\template\basic\skin\nongshim\images\common\tab_g_left.gif <-- T3WEB /datascm/9001/WebApp/nscm/sinc/template/basic/skin/nongshim/images/common tab_g_left.gif
109.05.31 01:39 B C:\T3Series\projects\nscm\sinc\template\basic\skin\nongshim\images\common\tab_g_mid.gif <-- T3WEB /datascm/9001/WebApp/nscm/sinc/template/basic/skin/nongshim/images/common tab_g_mid.gif
109.05.31 01:39 B C:\T3Series\projects\nscm\sinc\template\basic\skin\nongshim\images\common\tab_g_right.gif <-- T3WEB /datascm/9001/WebApp/nscm/sinc/template/basic/skin/nongshim/images/common tab_g_right.gif
109.05.31 01:39 B C:\T3Series\projects\nscm\sinc\template\basic\skin\nongshim\images\common\tab_left.gif <-- T3WEB /datascm/9001/WebApp/nscm/sinc/template/basic/skin/nongshim/images/common tab_left.gif
109.05.31 01:39 B C:\T3Series\projects\nscm\sinc\template\basic\skin\nongshim\images\common\Thumbs.db <-- T3WEB /datascm/9001/WebApp/nscm/sinc/template/basic/skin/nongshim/images/common Thumbs.db
109.05.31 01:39 B C:\T3Series\projects\nscm\sinc\template\basic\skin\nongshim\images\common\top_bar_bg.gif <-- T3WEB /datascm/9001/WebApp/nscm/sinc/template/basic/skin/nongshim/images/common top_bar_bg.gif
109.05.31 01:39 B C:\T3Series\projects\nscm\sinc\template\basic\skin\nongshim\images\common\top_bar_l.gif <-- T3WEB /datascm/9001/WebApp/nscm/sinc/template/basic/skin/nongshim/images/common top_bar_l.gif
109.05.31 01:39 B C:\T3Series\projects\nscm\sinc\template\basic\skin\nongshim\images\common\top_bar_right.gif <-- T3WEB /datascm/9001/WebApp/nscm/sinc/template/basic/skin/nongshim/images/common top_bar_right.gif
109.05.31 01:39 B C:\T3Series\projects\nscm\sinc\template\basic\skin\nongshim\images\common\top_home.gif <-- T3WEB /datascm/9001/WebApp/nscm/sinc/template/basic/skin/nongshim/images/common top_home.gif
109.05.31 01:39 B C:\T3Series\projects\nscm\sinc\template\basic\skin\nongshim\images\common\top_logo.gif <-- T3WEB /datascm/9001/WebApp/nscm/sinc/template/basic/skin/nongshim/images/common top_logo.gif
109.05.31 01:39 B C:\T3Series\projects\nscm\sinc\template\basic\skin\nongshim\images\common\top_logout.gif <-- T3WEB /datascm/9001/WebApp/nscm/sinc/template/basic/skin/nongshim/images/common top_logout.gif
109.05.31 01:39 B C:\T3Series\projects\nscm\sinc\template\basic\skin\nongshim\images\common\txt.gif <-- T3WEB /datascm/9001/WebApp/nscm/sinc/template/basic/skin/nongshim/images/common txt.gif
109.05.31 01:39 B C:\T3Series\projects\nscm\sinc\template\basic\skin\nongshim\images\common\xls.gif <-- T3WEB /datascm/9001/WebApp/nscm/sinc/template/basic/skin/nongshim/images/common xls.gif
109.05.31 01:39 B C:\T3Series\projects\nscm\sinc\template\basic\skin\nongshim\images\common\zip.gif <-- T3WEB /datascm/9001/WebApp/nscm/sinc/template/basic/skin/nongshim/images/common zip.gif
