109.05.31 01:39 B C:\T3Series\projects\nscm\sinc\template\basic\images\menuicon\bgcolor.gif <-- T3WEB /datascm/9001/WebApp/nscm/sinc/template/basic/images/menuicon bgcolor.gif
109.05.31 01:39 B C:\T3Series\projects\nscm\sinc\template\basic\images\menuicon\distinct.gif <-- T3WEB /datascm/9001/WebApp/nscm/sinc/template/basic/images/menuicon distinct.gif
109.05.31 01:39 B C:\T3Series\projects\nscm\sinc\template\basic\images\menuicon\down.gif <-- T3WEB /datascm/9001/WebApp/nscm/sinc/template/basic/images/menuicon down.gif
109.05.31 01:39 B C:\T3Series\projects\nscm\sinc\template\basic\images\menuicon\fgcolor.gif <-- T3WEB /datascm/9001/WebApp/nscm/sinc/template/basic/images/menuicon fgcolor.gif
109.05.31 01:39 B C:\T3Series\projects\nscm\sinc\template\basic\images\menuicon\IconBold.gif <-- T3WEB /datascm/9001/WebApp/nscm/sinc/template/basic/images/menuicon IconBold.gif
109.05.31 01:39 B C:\T3Series\projects\nscm\sinc\template\basic\images\menuicon\IconCenter.gif <-- T3WEB /datascm/9001/WebApp/nscm/sinc/template/basic/images/menuicon IconCenter.gif
109.05.31 01:39 B C:\T3Series\projects\nscm\sinc\template\basic\images\menuicon\IconCopy.gif <-- T3WEB /datascm/9001/WebApp/nscm/sinc/template/basic/images/menuicon IconCopy.gif
109.05.31 01:39 B C:\T3Series\projects\nscm\sinc\template\basic\images\menuicon\IconCut.gif <-- T3WEB /datascm/9001/WebApp/nscm/sinc/template/basic/images/menuicon IconCut.gif
109.05.31 01:39 B C:\T3Series\projects\nscm\sinc\template\basic\images\menuicon\IconHr.gif <-- T3WEB /datascm/9001/WebApp/nscm/sinc/template/basic/images/menuicon IconHr.gif
109.05.31 01:39 B C:\T3Series\projects\nscm\sinc\template\basic\images\menuicon\IconIndent.gif <-- T3WEB /datascm/9001/WebApp/nscm/sinc/template/basic/images/menuicon IconIndent.gif
109.05.31 01:39 B C:\T3Series\projects\nscm\sinc\template\basic\images\menuicon\IconItalic.gif <-- T3WEB /datascm/9001/WebApp/nscm/sinc/template/basic/images/menuicon IconItalic.gif
109.05.31 01:39 B C:\T3Series\projects\nscm\sinc\template\basic\images\menuicon\IconLeft.gif <-- T3WEB /datascm/9001/WebApp/nscm/sinc/template/basic/images/menuicon IconLeft.gif
109.05.31 01:39 B C:\T3Series\projects\nscm\sinc\template\basic\images\menuicon\IconOrdered.gif <-- T3WEB /datascm/9001/WebApp/nscm/sinc/template/basic/images/menuicon IconOrdered.gif
109.05.31 01:39 B C:\T3Series\projects\nscm\sinc\template\basic\images\menuicon\IconOutdent.gif <-- T3WEB /datascm/9001/WebApp/nscm/sinc/template/basic/images/menuicon IconOutdent.gif
109.05.31 01:39 B C:\T3Series\projects\nscm\sinc\template\basic\images\menuicon\IconPaste.gif <-- T3WEB /datascm/9001/WebApp/nscm/sinc/template/basic/images/menuicon IconPaste.gif
109.05.31 01:39 B C:\T3Series\projects\nscm\sinc\template\basic\images\menuicon\IconRight.gif <-- T3WEB /datascm/9001/WebApp/nscm/sinc/template/basic/images/menuicon IconRight.gif
109.05.31 01:39 B C:\T3Series\projects\nscm\sinc\template\basic\images\menuicon\IconUnderline.gif <-- T3WEB /datascm/9001/WebApp/nscm/sinc/template/basic/images/menuicon IconUnderline.gif
109.05.31 01:39 B C:\T3Series\projects\nscm\sinc\template\basic\images\menuicon\IconUnOrdered.gif <-- T3WEB /datascm/9001/WebApp/nscm/sinc/template/basic/images/menuicon IconUnOrdered.gif
109.05.31 01:39 B C:\T3Series\projects\nscm\sinc\template\basic\images\menuicon\image.gif <-- T3WEB /datascm/9001/WebApp/nscm/sinc/template/basic/images/menuicon image.gif
109.05.31 01:39 B C:\T3Series\projects\nscm\sinc\template\basic\images\menuicon\link.gif <-- T3WEB /datascm/9001/WebApp/nscm/sinc/template/basic/images/menuicon link.gif
109.05.31 01:39 B C:\T3Series\projects\nscm\sinc\template\basic\images\menuicon\redo.gif <-- T3WEB /datascm/9001/WebApp/nscm/sinc/template/basic/images/menuicon redo.gif
109.05.31 01:39 B C:\T3Series\projects\nscm\sinc\template\basic\images\menuicon\right.gif <-- T3WEB /datascm/9001/WebApp/nscm/sinc/template/basic/images/menuicon right.gif
109.05.31 01:39 B C:\T3Series\projects\nscm\sinc\template\basic\images\menuicon\undo.gif <-- T3WEB /datascm/9001/WebApp/nscm/sinc/template/basic/images/menuicon undo.gif
109.05.31 01:39 B C:\T3Series\projects\nscm\sinc\template\basic\images\menuicon\up.gif <-- T3WEB /datascm/9001/WebApp/nscm/sinc/template/basic/images/menuicon up.gif
