109.05.31 01:40 B C:\T3Series\projects\nscm\sinc\template\extension\images\common\blank.png <-- T3WEB /datascm/9001/WebApp/nscm/sinc/template/extension/images/common blank.png
109.05.31 01:40 B C:\T3Series\projects\nscm\sinc\template\extension\images\common\bookmark.gif <-- T3WEB /datascm/9001/WebApp/nscm/sinc/template/extension/images/common bookmark.gif
109.05.31 01:40 B C:\T3Series\projects\nscm\sinc\template\extension\images\common\bottom_bottom.gif <-- T3WEB /datascm/9001/WebApp/nscm/sinc/template/extension/images/common bottom_bottom.gif
109.05.31 01:40 B C:\T3Series\projects\nscm\sinc\template\extension\images\common\bottom_right.gif <-- T3WEB /datascm/9001/WebApp/nscm/sinc/template/extension/images/common bottom_right.gif
109.05.31 01:40 B C:\T3Series\projects\nscm\sinc\template\extension\images\common\bt_date.gif <-- T3WEB /datascm/9001/WebApp/nscm/sinc/template/extension/images/common bt_date.gif
109.05.31 01:40 B C:\T3Series\projects\nscm\sinc\template\extension\images\common\cap_home.gif <-- T3WEB /datascm/9001/WebApp/nscm/sinc/template/extension/images/common cap_home.gif
109.05.31 01:40 B C:\T3Series\projects\nscm\sinc\template\extension\images\common\cap_news.gif <-- T3WEB /datascm/9001/WebApp/nscm/sinc/template/extension/images/common cap_news.gif
109.05.31 01:40 B C:\T3Series\projects\nscm\sinc\template\extension\images\common\cap_site_map.gif <-- T3WEB /datascm/9001/WebApp/nscm/sinc/template/extension/images/common cap_site_map.gif
109.05.31 01:40 B C:\T3Series\projects\nscm\sinc\template\extension\images\common\del.gif <-- T3WEB /datascm/9001/WebApp/nscm/sinc/template/extension/images/common del.gif
109.05.31 01:40 B C:\T3Series\projects\nscm\sinc\template\extension\images\common\downsimple.png <-- T3WEB /datascm/9001/WebApp/nscm/sinc/template/extension/images/common downsimple.png
109.05.31 01:40 B C:\T3Series\projects\nscm\sinc\template\extension\images\common\error.jpg <-- T3WEB /datascm/9001/WebApp/nscm/sinc/template/extension/images/common error.jpg
109.05.31 01:40 B C:\T3Series\projects\nscm\sinc\template\extension\images\common\file.png <-- T3WEB /datascm/9001/WebApp/nscm/sinc/template/extension/images/common file.png
109.05.31 01:40 B C:\T3Series\projects\nscm\sinc\template\extension\images\common\foldericon.png <-- T3WEB /datascm/9001/WebApp/nscm/sinc/template/extension/images/common foldericon.png
109.05.31 01:40 B C:\T3Series\projects\nscm\sinc\template\extension\images\common\grey.gif <-- T3WEB /datascm/9001/WebApp/nscm/sinc/template/extension/images/common grey.gif
109.05.31 01:40 B C:\T3Series\projects\nscm\sinc\template\extension\images\common\home.gif <-- T3WEB /datascm/9001/WebApp/nscm/sinc/template/extension/images/common home.gif
109.05.31 01:40 B C:\T3Series\projects\nscm\sinc\template\extension\images\common\I.png <-- T3WEB /datascm/9001/WebApp/nscm/sinc/template/extension/images/common I.png
109.05.31 01:40 B C:\T3Series\projects\nscm\sinc\template\extension\images\common\L.png <-- T3WEB /datascm/9001/WebApp/nscm/sinc/template/extension/images/common L.png
109.05.31 01:40 B C:\T3Series\projects\nscm\sinc\template\extension\images\common\left_border.gif <-- T3WEB /datascm/9001/WebApp/nscm/sinc/template/extension/images/common left_border.gif
109.05.31 01:40 B C:\T3Series\projects\nscm\sinc\template\extension\images\common\left_bottom.gif <-- T3WEB /datascm/9001/WebApp/nscm/sinc/template/extension/images/common left_bottom.gif
109.05.31 01:40 B C:\T3Series\projects\nscm\sinc\template\extension\images\common\left_top.gif <-- T3WEB /datascm/9001/WebApp/nscm/sinc/template/extension/images/common left_top.gif
109.05.31 01:40 B C:\T3Series\projects\nscm\sinc\template\extension\images\common\Lminus.png <-- T3WEB /datascm/9001/WebApp/nscm/sinc/template/extension/images/common Lminus.png
109.05.31 01:40 B C:\T3Series\projects\nscm\sinc\template\extension\images\common\Lplus.png <-- T3WEB /datascm/9001/WebApp/nscm/sinc/template/extension/images/common Lplus.png
109.05.31 01:40 B C:\T3Series\projects\nscm\sinc\template\extension\images\common\memo.gif <-- T3WEB /datascm/9001/WebApp/nscm/sinc/template/extension/images/common memo.gif
109.05.31 01:40 B C:\T3Series\projects\nscm\sinc\template\extension\images\common\new.png <-- T3WEB /datascm/9001/WebApp/nscm/sinc/template/extension/images/common new.png
109.05.31 01:40 B C:\T3Series\projects\nscm\sinc\template\extension\images\common\openfoldericon.png <-- T3WEB /datascm/9001/WebApp/nscm/sinc/template/extension/images/common openfoldericon.png
109.05.31 01:40 B C:\T3Series\projects\nscm\sinc\template\extension\images\common\paging_end.gif <-- T3WEB /datascm/9001/WebApp/nscm/sinc/template/extension/images/common paging_end.gif
109.05.31 01:40 B C:\T3Series\projects\nscm\sinc\template\extension\images\common\paging_first.gif <-- T3WEB /datascm/9001/WebApp/nscm/sinc/template/extension/images/common paging_first.gif
109.05.31 01:40 B C:\T3Series\projects\nscm\sinc\template\extension\images\common\paging_next.gif <-- T3WEB /datascm/9001/WebApp/nscm/sinc/template/extension/images/common paging_next.gif
109.05.31 01:40 B C:\T3Series\projects\nscm\sinc\template\extension\images\common\paging_prev.gif <-- T3WEB /datascm/9001/WebApp/nscm/sinc/template/extension/images/common paging_prev.gif
109.05.31 01:40 B C:\T3Series\projects\nscm\sinc\template\extension\images\common\pspbrwse.jbf <-- T3WEB /datascm/9001/WebApp/nscm/sinc/template/extension/images/common pspbrwse.jbf
109.05.31 01:40 B C:\T3Series\projects\nscm\sinc\template\extension\images\common\reply.gif <-- T3WEB /datascm/9001/WebApp/nscm/sinc/template/extension/images/common reply.gif
109.05.31 01:40 B C:\T3Series\projects\nscm\sinc\template\extension\images\common\right_border.gif <-- T3WEB /datascm/9001/WebApp/nscm/sinc/template/extension/images/common right_border.gif
109.05.31 01:40 B C:\T3Series\projects\nscm\sinc\template\extension\images\common\site_map.gif <-- T3WEB /datascm/9001/WebApp/nscm/sinc/template/extension/images/common site_map.gif
109.05.31 01:40 B C:\T3Series\projects\nscm\sinc\template\extension\images\common\T.png <-- T3WEB /datascm/9001/WebApp/nscm/sinc/template/extension/images/common T.png
109.05.31 01:40 B C:\T3Series\projects\nscm\sinc\template\extension\images\common\t3sinc_login.gif <-- T3WEB /datascm/9001/WebApp/nscm/sinc/template/extension/images/common t3sinc_login.gif
109.05.31 01:40 B C:\T3Series\projects\nscm\sinc\template\extension\images\common\t3sinc_main.gif <-- T3WEB /datascm/9001/WebApp/nscm/sinc/template/extension/images/common t3sinc_main.gif
109.05.31 01:40 B C:\T3Series\projects\nscm\sinc\template\extension\images\common\Thumbs.db <-- T3WEB /datascm/9001/WebApp/nscm/sinc/template/extension/images/common Thumbs.db
109.05.31 01:40 B C:\T3Series\projects\nscm\sinc\template\extension\images\common\Tminus.png <-- T3WEB /datascm/9001/WebApp/nscm/sinc/template/extension/images/common Tminus.png
109.05.31 01:40 B C:\T3Series\projects\nscm\sinc\template\extension\images\common\top_right.gif <-- T3WEB /datascm/9001/WebApp/nscm/sinc/template/extension/images/common top_right.gif
109.05.31 01:40 B C:\T3Series\projects\nscm\sinc\template\extension\images\common\top_top.gif <-- T3WEB /datascm/9001/WebApp/nscm/sinc/template/extension/images/common top_top.gif
109.05.31 01:40 B C:\T3Series\projects\nscm\sinc\template\extension\images\common\Tplus.png <-- T3WEB /datascm/9001/WebApp/nscm/sinc/template/extension/images/common Tplus.png
109.05.31 01:40 B C:\T3Series\projects\nscm\sinc\template\extension\images\common\upsimple.png <-- T3WEB /datascm/9001/WebApp/nscm/sinc/template/extension/images/common upsimple.png
109.05.31 01:40 B C:\T3Series\projects\nscm\sinc\template\extension\images\common\zionex_logo.gif <-- T3WEB /datascm/9001/WebApp/nscm/sinc/template/extension/images/common zionex_logo.gif
