109.05.31 01:38 B C:\T3Series\projects\nscm\sinc\template\basic\images\common\application_side_contract.png <-- T3WEB /datascm/9001/WebApp/nscm/sinc/template/basic/images/common application_side_contract.png
109.05.31 01:38 B C:\T3Series\projects\nscm\sinc\template\basic\images\common\application_side_expand.png <-- T3WEB /datascm/9001/WebApp/nscm/sinc/template/basic/images/common application_side_expand.png
109.05.31 01:38 B C:\T3Series\projects\nscm\sinc\template\basic\images\common\arrow_left_green.png <-- T3WEB /datascm/9001/WebApp/nscm/sinc/template/basic/images/common arrow_left_green.png
109.05.31 01:38 B C:\T3Series\projects\nscm\sinc\template\basic\images\common\arrow_right_green.png <-- T3WEB /datascm/9001/WebApp/nscm/sinc/template/basic/images/common arrow_right_green.png
109.05.31 01:38 B C:\T3Series\projects\nscm\sinc\template\basic\images\common\back_c.gif <-- T3WEB /datascm/9001/WebApp/nscm/sinc/template/basic/images/common back_c.gif
109.05.31 01:38 B C:\T3Series\projects\nscm\sinc\template\basic\images\common\back_c_2.gif <-- T3WEB /datascm/9001/WebApp/nscm/sinc/template/basic/images/common back_c_2.gif
109.05.31 01:38 B C:\T3Series\projects\nscm\sinc\template\basic\images\common\back_cc.gif <-- T3WEB /datascm/9001/WebApp/nscm/sinc/template/basic/images/common back_cc.gif
109.05.31 01:38 B C:\T3Series\projects\nscm\sinc\template\basic\images\common\back_cc_2.gif <-- T3WEB /datascm/9001/WebApp/nscm/sinc/template/basic/images/common back_cc_2.gif
109.05.31 01:38 B C:\T3Series\projects\nscm\sinc\template\basic\images\common\blank.png <-- T3WEB /datascm/9001/WebApp/nscm/sinc/template/basic/images/common blank.png
109.05.31 01:38 B C:\T3Series\projects\nscm\sinc\template\basic\images\common\bookmark.gif <-- T3WEB /datascm/9001/WebApp/nscm/sinc/template/basic/images/common bookmark.gif
109.05.31 01:38 B C:\T3Series\projects\nscm\sinc\template\basic\images\common\bottom_bottom.gif <-- T3WEB /datascm/9001/WebApp/nscm/sinc/template/basic/images/common bottom_bottom.gif
109.05.31 01:38 B C:\T3Series\projects\nscm\sinc\template\basic\images\common\bottom_right.gif <-- T3WEB /datascm/9001/WebApp/nscm/sinc/template/basic/images/common bottom_right.gif
109.05.31 01:38 B C:\T3Series\projects\nscm\sinc\template\basic\images\common\bt_date.gif <-- T3WEB /datascm/9001/WebApp/nscm/sinc/template/basic/images/common bt_date.gif
109.05.31 01:38 B C:\T3Series\projects\nscm\sinc\template\basic\images\common\cap_home.gif <-- T3WEB /datascm/9001/WebApp/nscm/sinc/template/basic/images/common cap_home.gif
109.05.31 01:38 B C:\T3Series\projects\nscm\sinc\template\basic\images\common\cap_news.gif <-- T3WEB /datascm/9001/WebApp/nscm/sinc/template/basic/images/common cap_news.gif
109.05.31 01:38 B C:\T3Series\projects\nscm\sinc\template\basic\images\common\cap_site_map.gif <-- T3WEB /datascm/9001/WebApp/nscm/sinc/template/basic/images/common cap_site_map.gif
109.05.31 01:38 B C:\T3Series\projects\nscm\sinc\template\basic\images\common\del.gif <-- T3WEB /datascm/9001/WebApp/nscm/sinc/template/basic/images/common del.gif
109.05.31 01:38 B C:\T3Series\projects\nscm\sinc\template\basic\images\common\disk.png <-- T3WEB /datascm/9001/WebApp/nscm/sinc/template/basic/images/common disk.png
109.05.31 01:38 B C:\T3Series\projects\nscm\sinc\template\basic\images\common\downsimple.png <-- T3WEB /datascm/9001/WebApp/nscm/sinc/template/basic/images/common downsimple.png
109.05.31 01:38 B C:\T3Series\projects\nscm\sinc\template\basic\images\common\em_mainview2.jpg <-- T3WEB /datascm/9001/WebApp/nscm/sinc/template/basic/images/common em_mainview2.jpg
109.05.31 01:38 B C:\T3Series\projects\nscm\sinc\template\basic\images\common\emlsi.png <-- T3WEB /datascm/9001/WebApp/nscm/sinc/template/basic/images/common emlsi.png
109.05.31 01:38 B C:\T3Series\projects\nscm\sinc\template\basic\images\common\error.jpg <-- T3WEB /datascm/9001/WebApp/nscm/sinc/template/basic/images/common error.jpg
109.05.31 01:38 B C:\T3Series\projects\nscm\sinc\template\basic\images\common\file.png <-- T3WEB /datascm/9001/WebApp/nscm/sinc/template/basic/images/common file.png
109.05.31 01:38 B C:\T3Series\projects\nscm\sinc\template\basic\images\common\foldericon.png <-- T3WEB /datascm/9001/WebApp/nscm/sinc/template/basic/images/common foldericon.png
109.05.31 01:38 B C:\T3Series\projects\nscm\sinc\template\basic\images\common\grey.gif <-- T3WEB /datascm/9001/WebApp/nscm/sinc/template/basic/images/common grey.gif
109.05.31 01:38 B C:\T3Series\projects\nscm\sinc\template\basic\images\common\home.gif <-- T3WEB /datascm/9001/WebApp/nscm/sinc/template/basic/images/common home.gif
109.05.31 01:38 B C:\T3Series\projects\nscm\sinc\template\basic\images\common\home_a.gif <-- T3WEB /datascm/9001/WebApp/nscm/sinc/template/basic/images/common home_a.gif
109.05.31 01:38 B C:\T3Series\projects\nscm\sinc\template\basic\images\common\home_aa.gif <-- T3WEB /datascm/9001/WebApp/nscm/sinc/template/basic/images/common home_aa.gif
109.05.31 01:38 B C:\T3Series\projects\nscm\sinc\template\basic\images\common\home_b.gif <-- T3WEB /datascm/9001/WebApp/nscm/sinc/template/basic/images/common home_b.gif
109.05.31 01:38 B C:\T3Series\projects\nscm\sinc\template\basic\images\common\home_bb.gif <-- T3WEB /datascm/9001/WebApp/nscm/sinc/template/basic/images/common home_bb.gif
109.05.31 01:38 B C:\T3Series\projects\nscm\sinc\template\basic\images\common\home_c.gif <-- T3WEB /datascm/9001/WebApp/nscm/sinc/template/basic/images/common home_c.gif
109.05.31 01:38 B C:\T3Series\projects\nscm\sinc\template\basic\images\common\home_cc.gif <-- T3WEB /datascm/9001/WebApp/nscm/sinc/template/basic/images/common home_cc.gif
109.05.31 01:38 B C:\T3Series\projects\nscm\sinc\template\basic\images\common\I.png <-- T3WEB /datascm/9001/WebApp/nscm/sinc/template/basic/images/common I.png
109.05.31 01:38 B C:\T3Series\projects\nscm\sinc\template\basic\images\common\i_help.gif <-- T3WEB /datascm/9001/WebApp/nscm/sinc/template/basic/images/common i_help.gif
109.05.31 01:38 B C:\T3Series\projects\nscm\sinc\template\basic\images\common\img.zip <-- T3WEB /datascm/9001/WebApp/nscm/sinc/template/basic/images/common img.zip
109.05.31 01:38 B C:\T3Series\projects\nscm\sinc\template\basic\images\common\info.png <-- T3WEB /datascm/9001/WebApp/nscm/sinc/template/basic/images/common info.png
109.05.31 01:38 B C:\T3Series\projects\nscm\sinc\template\basic\images\common\L.png <-- T3WEB /datascm/9001/WebApp/nscm/sinc/template/basic/images/common L.png
109.05.31 01:38 B C:\T3Series\projects\nscm\sinc\template\basic\images\common\left_border.gif <-- T3WEB /datascm/9001/WebApp/nscm/sinc/template/basic/images/common left_border.gif
109.05.31 01:38 B C:\T3Series\projects\nscm\sinc\template\basic\images\common\left_bottom.gif <-- T3WEB /datascm/9001/WebApp/nscm/sinc/template/basic/images/common left_bottom.gif
109.05.31 01:38 B C:\T3Series\projects\nscm\sinc\template\basic\images\common\left_top.gif <-- T3WEB /datascm/9001/WebApp/nscm/sinc/template/basic/images/common left_top.gif
109.05.31 01:38 B C:\T3Series\projects\nscm\sinc\template\basic\images\common\Lminus.png <-- T3WEB /datascm/9001/WebApp/nscm/sinc/template/basic/images/common Lminus.png
109.05.31 01:38 B C:\T3Series\projects\nscm\sinc\template\basic\images\common\logout_a.gif <-- T3WEB /datascm/9001/WebApp/nscm/sinc/template/basic/images/common logout_a.gif
109.05.31 01:38 B C:\T3Series\projects\nscm\sinc\template\basic\images\common\logout_aa.gif <-- T3WEB /datascm/9001/WebApp/nscm/sinc/template/basic/images/common logout_aa.gif
109.05.31 01:38 B C:\T3Series\projects\nscm\sinc\template\basic\images\common\logout_b.gif <-- T3WEB /datascm/9001/WebApp/nscm/sinc/template/basic/images/common logout_b.gif
109.05.31 01:38 B C:\T3Series\projects\nscm\sinc\template\basic\images\common\logout_bb.gif <-- T3WEB /datascm/9001/WebApp/nscm/sinc/template/basic/images/common logout_bb.gif
109.05.31 01:38 B C:\T3Series\projects\nscm\sinc\template\basic\images\common\logout_c.gif <-- T3WEB /datascm/9001/WebApp/nscm/sinc/template/basic/images/common logout_c.gif
109.05.31 01:38 B C:\T3Series\projects\nscm\sinc\template\basic\images\common\logout_cc.gif <-- T3WEB /datascm/9001/WebApp/nscm/sinc/template/basic/images/common logout_cc.gif
109.05.31 01:38 B C:\T3Series\projects\nscm\sinc\template\basic\images\common\Lplus.png <-- T3WEB /datascm/9001/WebApp/nscm/sinc/template/basic/images/common Lplus.png
109.05.31 01:38 B C:\T3Series\projects\nscm\sinc\template\basic\images\common\main_1.gif <-- T3WEB /datascm/9001/WebApp/nscm/sinc/template/basic/images/common main_1.gif
109.05.31 01:38 B C:\T3Series\projects\nscm\sinc\template\basic\images\common\main_11.gif <-- T3WEB /datascm/9001/WebApp/nscm/sinc/template/basic/images/common main_11.gif
109.05.31 01:38 B C:\T3Series\projects\nscm\sinc\template\basic\images\common\main_2.gif <-- T3WEB /datascm/9001/WebApp/nscm/sinc/template/basic/images/common main_2.gif
109.05.31 01:38 B C:\T3Series\projects\nscm\sinc\template\basic\images\common\main_22.gif <-- T3WEB /datascm/9001/WebApp/nscm/sinc/template/basic/images/common main_22.gif
109.05.31 01:38 B C:\T3Series\projects\nscm\sinc\template\basic\images\common\main_3.gif <-- T3WEB /datascm/9001/WebApp/nscm/sinc/template/basic/images/common main_3.gif
109.05.31 01:38 B C:\T3Series\projects\nscm\sinc\template\basic\images\common\main_33.gif <-- T3WEB /datascm/9001/WebApp/nscm/sinc/template/basic/images/common main_33.gif
109.05.31 01:38 B C:\T3Series\projects\nscm\sinc\template\basic\images\common\memo.gif <-- T3WEB /datascm/9001/WebApp/nscm/sinc/template/basic/images/common memo.gif
109.05.31 01:38 B C:\T3Series\projects\nscm\sinc\template\basic\images\common\new.png <-- T3WEB /datascm/9001/WebApp/nscm/sinc/template/basic/images/common new.png
109.05.31 01:38 B C:\T3Series\projects\nscm\sinc\template\basic\images\common\openfoldericon.png <-- T3WEB /datascm/9001/WebApp/nscm/sinc/template/basic/images/common openfoldericon.png
109.05.31 01:38 B C:\T3Series\projects\nscm\sinc\template\basic\images\common\paging_end.gif <-- T3WEB /datascm/9001/WebApp/nscm/sinc/template/basic/images/common paging_end.gif
109.05.31 01:38 B C:\T3Series\projects\nscm\sinc\template\basic\images\common\paging_first.gif <-- T3WEB /datascm/9001/WebApp/nscm/sinc/template/basic/images/common paging_first.gif
109.05.31 01:38 B C:\T3Series\projects\nscm\sinc\template\basic\images\common\paging_next.gif <-- T3WEB /datascm/9001/WebApp/nscm/sinc/template/basic/images/common paging_next.gif
109.05.31 01:38 B C:\T3Series\projects\nscm\sinc\template\basic\images\common\paging_prev.gif <-- T3WEB /datascm/9001/WebApp/nscm/sinc/template/basic/images/common paging_prev.gif
109.05.31 01:38 B C:\T3Series\projects\nscm\sinc\template\basic\images\common\pspbrwse.jbf <-- T3WEB /datascm/9001/WebApp/nscm/sinc/template/basic/images/common pspbrwse.jbf
109.05.31 01:38 B C:\T3Series\projects\nscm\sinc\template\basic\images\common\reply.gif <-- T3WEB /datascm/9001/WebApp/nscm/sinc/template/basic/images/common reply.gif
109.05.31 01:38 B C:\T3Series\projects\nscm\sinc\template\basic\images\common\right_border.gif <-- T3WEB /datascm/9001/WebApp/nscm/sinc/template/basic/images/common right_border.gif
109.05.31 01:38 B C:\T3Series\projects\nscm\sinc\template\basic\images\common\site_map.gif <-- T3WEB /datascm/9001/WebApp/nscm/sinc/template/basic/images/common site_map.gif
109.05.31 01:38 B C:\T3Series\projects\nscm\sinc\template\basic\images\common\T.png <-- T3WEB /datascm/9001/WebApp/nscm/sinc/template/basic/images/common T.png
109.05.31 01:38 B C:\T3Series\projects\nscm\sinc\template\basic\images\common\t3sinc_login.gif <-- T3WEB /datascm/9001/WebApp/nscm/sinc/template/basic/images/common t3sinc_login.gif
109.05.31 01:38 B C:\T3Series\projects\nscm\sinc\template\basic\images\common\t3sinc_main.gif <-- T3WEB /datascm/9001/WebApp/nscm/sinc/template/basic/images/common t3sinc_main.gif
109.05.31 01:38 B C:\T3Series\projects\nscm\sinc\template\basic\images\common\TECHWIN_LEFT_TOP.jpg <-- T3WEB /datascm/9001/WebApp/nscm/sinc/template/basic/images/common TECHWIN_LEFT_TOP.jpg
109.05.31 01:38 B C:\T3Series\projects\nscm\sinc\template\basic\images\common\Thumbs.db <-- T3WEB /datascm/9001/WebApp/nscm/sinc/template/basic/images/common Thumbs.db
109.05.31 01:38 B C:\T3Series\projects\nscm\sinc\template\basic\images\common\Tminus.png <-- T3WEB /datascm/9001/WebApp/nscm/sinc/template/basic/images/common Tminus.png
109.05.31 01:38 B C:\T3Series\projects\nscm\sinc\template\basic\images\common\tomatolsi_main.png <-- T3WEB /datascm/9001/WebApp/nscm/sinc/template/basic/images/common tomatolsi_main.png
109.05.31 01:38 B C:\T3Series\projects\nscm\sinc\template\basic\images\common\top_right.gif <-- T3WEB /datascm/9001/WebApp/nscm/sinc/template/basic/images/common top_right.gif
109.05.31 01:38 B C:\T3Series\projects\nscm\sinc\template\basic\images\common\top_top.gif <-- T3WEB /datascm/9001/WebApp/nscm/sinc/template/basic/images/common top_top.gif
109.05.31 01:39 B C:\T3Series\projects\nscm\sinc\template\basic\images\common\Tplus.png <-- T3WEB /datascm/9001/WebApp/nscm/sinc/template/basic/images/common Tplus.png
109.05.31 01:39 B C:\T3Series\projects\nscm\sinc\template\basic\images\common\upsimple.png <-- T3WEB /datascm/9001/WebApp/nscm/sinc/template/basic/images/common upsimple.png
109.05.31 01:39 B C:\T3Series\projects\nscm\sinc\template\basic\images\common\zionex_logo.gif <-- T3WEB /datascm/9001/WebApp/nscm/sinc/template/basic/images/common zionex_logo.gif
