109.05.31 01:39 B C:\T3Series\projects\nscm\sinc\template\basic\skin\nongshim\images\btn\btn_cancel.gif <-- T3WEB /datascm/9001/WebApp/nscm/sinc/template/basic/skin/nongshim/images/btn btn_cancel.gif
109.05.31 01:39 B C:\T3Series\projects\nscm\sinc\template\basic\skin\nongshim\images\btn\btn_cancel_off.gif <-- T3WEB /datascm/9001/WebApp/nscm/sinc/template/basic/skin/nongshim/images/btn btn_cancel_off.gif
109.05.31 01:39 B C:\T3Series\projects\nscm\sinc\template\basic\skin\nongshim\images\btn\btn_datacopy.gif <-- T3WEB /datascm/9001/WebApp/nscm/sinc/template/basic/skin/nongshim/images/btn btn_datacopy.gif
109.05.31 01:39 B C:\T3Series\projects\nscm\sinc\template\basic\skin\nongshim\images\btn\btn_datacopy_off.gif <-- T3WEB /datascm/9001/WebApp/nscm/sinc/template/basic/skin/nongshim/images/btn btn_datacopy_off.gif
109.05.31 01:39 B C:\T3Series\projects\nscm\sinc\template\basic\skin\nongshim\images\btn\btn_datacopy_text.gif <-- T3WEB /datascm/9001/WebApp/nscm/sinc/template/basic/skin/nongshim/images/btn btn_datacopy_text.gif
109.05.31 01:39 B C:\T3Series\projects\nscm\sinc\template\basic\skin\nongshim\images\btn\btn_del.gif <-- T3WEB /datascm/9001/WebApp/nscm/sinc/template/basic/skin/nongshim/images/btn btn_del.gif
109.05.31 01:39 B C:\T3Series\projects\nscm\sinc\template\basic\skin\nongshim\images\btn\btn_del_off.gif <-- T3WEB /datascm/9001/WebApp/nscm/sinc/template/basic/skin/nongshim/images/btn btn_del_off.gif
109.05.31 01:39 B C:\T3Series\projects\nscm\sinc\template\basic\skin\nongshim\images\btn\btn_menu_close.gif <-- T3WEB /datascm/9001/WebApp/nscm/sinc/template/basic/skin/nongshim/images/btn btn_menu_close.gif
109.05.31 01:39 B C:\T3Series\projects\nscm\sinc\template\basic\skin\nongshim\images\btn\btn_menu_open.gif <-- T3WEB /datascm/9001/WebApp/nscm/sinc/template/basic/skin/nongshim/images/btn btn_menu_open.gif
109.05.31 01:39 B C:\T3Series\projects\nscm\sinc\template\basic\skin\nongshim\images\btn\btn_mod.gif <-- T3WEB /datascm/9001/WebApp/nscm/sinc/template/basic/skin/nongshim/images/btn btn_mod.gif
109.05.31 01:39 B C:\T3Series\projects\nscm\sinc\template\basic\skin\nongshim\images\btn\btn_mod_off.gif <-- T3WEB /datascm/9001/WebApp/nscm/sinc/template/basic/skin/nongshim/images/btn btn_mod_off.gif
109.05.31 01:39 B C:\T3Series\projects\nscm\sinc\template\basic\skin\nongshim\images\btn\btn_print.gif <-- T3WEB /datascm/9001/WebApp/nscm/sinc/template/basic/skin/nongshim/images/btn btn_print.gif
109.05.31 01:39 B C:\T3Series\projects\nscm\sinc\template\basic\skin\nongshim\images\btn\btn_print_off.gif <-- T3WEB /datascm/9001/WebApp/nscm/sinc/template/basic/skin/nongshim/images/btn btn_print_off.gif
109.05.31 01:39 B C:\T3Series\projects\nscm\sinc\template\basic\skin\nongshim\images\btn\btn_save.gif <-- T3WEB /datascm/9001/WebApp/nscm/sinc/template/basic/skin/nongshim/images/btn btn_save.gif
109.05.31 01:39 B C:\T3Series\projects\nscm\sinc\template\basic\skin\nongshim\images\btn\btn_save_off.gif <-- T3WEB /datascm/9001/WebApp/nscm/sinc/template/basic/skin/nongshim/images/btn btn_save_off.gif
109.05.31 01:39 B C:\T3Series\projects\nscm\sinc\template\basic\skin\nongshim\images\btn\btn_search.gif <-- T3WEB /datascm/9001/WebApp/nscm/sinc/template/basic/skin/nongshim/images/btn btn_search.gif
109.05.31 01:39 B C:\T3Series\projects\nscm\sinc\template\basic\skin\nongshim\images\btn\btn_search_01.gif <-- T3WEB /datascm/9001/WebApp/nscm/sinc/template/basic/skin/nongshim/images/btn btn_search_01.gif
109.05.31 01:39 B C:\T3Series\projects\nscm\sinc\template\basic\skin\nongshim\images\btn\btn_search_off.gif <-- T3WEB /datascm/9001/WebApp/nscm/sinc/template/basic/skin/nongshim/images/btn btn_search_off.gif
109.05.31 01:39 B C:\T3Series\projects\nscm\sinc\template\basic\skin\nongshim\images\btn\btn_st01.gif <-- T3WEB /datascm/9001/WebApp/nscm/sinc/template/basic/skin/nongshim/images/btn btn_st01.gif
109.05.31 01:39 B C:\T3Series\projects\nscm\sinc\template\basic\skin\nongshim\images\btn\btn_st01_off.gif <-- T3WEB /datascm/9001/WebApp/nscm/sinc/template/basic/skin/nongshim/images/btn btn_st01_off.gif
109.05.31 01:39 B C:\T3Series\projects\nscm\sinc\template\basic\skin\nongshim\images\btn\btn_st02.gif <-- T3WEB /datascm/9001/WebApp/nscm/sinc/template/basic/skin/nongshim/images/btn btn_st02.gif
109.05.31 01:39 B C:\T3Series\projects\nscm\sinc\template\basic\skin\nongshim\images\btn\btn_st02_off.gif <-- T3WEB /datascm/9001/WebApp/nscm/sinc/template/basic/skin/nongshim/images/btn btn_st02_off.gif
109.05.31 01:39 B C:\T3Series\projects\nscm\sinc\template\basic\skin\nongshim\images\btn\btn_st03.gif <-- T3WEB /datascm/9001/WebApp/nscm/sinc/template/basic/skin/nongshim/images/btn btn_st03.gif
109.05.31 01:39 B C:\T3Series\projects\nscm\sinc\template\basic\skin\nongshim\images\btn\btn_st03_off.gif <-- T3WEB /datascm/9001/WebApp/nscm/sinc/template/basic/skin/nongshim/images/btn btn_st03_off.gif
109.05.31 01:39 B C:\T3Series\projects\nscm\sinc\template\basic\skin\nongshim\images\btn\btn_st04.gif <-- T3WEB /datascm/9001/WebApp/nscm/sinc/template/basic/skin/nongshim/images/btn btn_st04.gif
109.05.31 01:39 B C:\T3Series\projects\nscm\sinc\template\basic\skin\nongshim\images\btn\btn_st04_off.gif <-- T3WEB /datascm/9001/WebApp/nscm/sinc/template/basic/skin/nongshim/images/btn btn_st04_off.gif
109.05.31 01:39 B C:\T3Series\projects\nscm\sinc\template\basic\skin\nongshim\images\btn\btn_tree_close.gif <-- T3WEB /datascm/9001/WebApp/nscm/sinc/template/basic/skin/nongshim/images/btn btn_tree_close.gif
109.05.31 01:39 B C:\T3Series\projects\nscm\sinc\template\basic\skin\nongshim\images\btn\btn_tree_open.gif <-- T3WEB /datascm/9001/WebApp/nscm/sinc/template/basic/skin/nongshim/images/btn btn_tree_open.gif
109.05.31 01:39 B C:\T3Series\projects\nscm\sinc\template\basic\skin\nongshim\images\btn\btn_wrt.gif <-- T3WEB /datascm/9001/WebApp/nscm/sinc/template/basic/skin/nongshim/images/btn btn_wrt.gif
109.05.31 01:39 B C:\T3Series\projects\nscm\sinc\template\basic\skin\nongshim\images\btn\btn_wrt_off.gif <-- T3WEB /datascm/9001/WebApp/nscm/sinc/template/basic/skin/nongshim/images/btn btn_wrt_off.gif
