109.05.31 01:40 B C:\T3Series\projects\nscm\sinc\template\basic\swf\actionscript\AreaHollow.as <-- T3WEB /datascm/9001/WebApp/nscm/sinc/template/basic/swf/actionscript AreaHollow.as
109.05.31 01:40 B C:\T3Series\projects\nscm\sinc\template\basic\swf\actionscript\Background.as <-- T3WEB /datascm/9001/WebApp/nscm/sinc/template/basic/swf/actionscript Background.as
109.05.31 01:40 B C:\T3Series\projects\nscm\sinc\template\basic\swf\actionscript\Bar3D.as <-- T3WEB /datascm/9001/WebApp/nscm/sinc/template/basic/swf/actionscript Bar3D.as
109.05.31 01:40 B C:\T3Series\projects\nscm\sinc\template\basic\swf\actionscript\BarArrow.as <-- T3WEB /datascm/9001/WebApp/nscm/sinc/template/basic/swf/actionscript BarArrow.as
109.05.31 01:40 B C:\T3Series\projects\nscm\sinc\template\basic\swf\actionscript\BarFade.as <-- T3WEB /datascm/9001/WebApp/nscm/sinc/template/basic/swf/actionscript BarFade.as
109.05.31 01:40 B C:\T3Series\projects\nscm\sinc\template\basic\swf\actionscript\BarGlassStyle.as <-- T3WEB /datascm/9001/WebApp/nscm/sinc/template/basic/swf/actionscript BarGlassStyle.as
109.05.31 01:40 B C:\T3Series\projects\nscm\sinc\template\basic\swf\actionscript\BarSketchStyle.as <-- T3WEB /datascm/9001/WebApp/nscm/sinc/template/basic/swf/actionscript BarSketchStyle.as
109.05.31 01:40 B C:\T3Series\projects\nscm\sinc\template\basic\swf\actionscript\BarStyle.as <-- T3WEB /datascm/9001/WebApp/nscm/sinc/template/basic/swf/actionscript BarStyle.as
109.05.31 01:40 B C:\T3Series\projects\nscm\sinc\template\basic\swf\actionscript\BarZebra.as <-- T3WEB /datascm/9001/WebApp/nscm/sinc/template/basic/swf/actionscript BarZebra.as
109.05.31 01:40 B C:\T3Series\projects\nscm\sinc\template\basic\swf\actionscript\Box.as <-- T3WEB /datascm/9001/WebApp/nscm/sinc/template/basic/swf/actionscript Box.as
109.05.31 01:40 B C:\T3Series\projects\nscm\sinc\template\basic\swf\actionscript\CandleStyle.as <-- T3WEB /datascm/9001/WebApp/nscm/sinc/template/basic/swf/actionscript CandleStyle.as
109.05.31 01:40 B C:\T3Series\projects\nscm\sinc\template\basic\swf\actionscript\ChartUtil.as <-- T3WEB /datascm/9001/WebApp/nscm/sinc/template/basic/swf/actionscript ChartUtil.as
109.05.31 01:40 B C:\T3Series\projects\nscm\sinc\template\basic\swf\actionscript\Css.as <-- T3WEB /datascm/9001/WebApp/nscm/sinc/template/basic/swf/actionscript Css.as
109.05.31 01:40 B C:\T3Series\projects\nscm\sinc\template\basic\swf\actionscript\ExPoint.as <-- T3WEB /datascm/9001/WebApp/nscm/sinc/template/basic/swf/actionscript ExPoint.as
109.05.31 01:40 B C:\T3Series\projects\nscm\sinc\template\basic\swf\actionscript\FilledBarStyle.as <-- T3WEB /datascm/9001/WebApp/nscm/sinc/template/basic/swf/actionscript FilledBarStyle.as
109.05.31 01:40 B C:\T3Series\projects\nscm\sinc\template\basic\swf\actionscript\HLCStyle.as <-- T3WEB /datascm/9001/WebApp/nscm/sinc/template/basic/swf/actionscript HLCStyle.as
109.05.31 01:40 B C:\T3Series\projects\nscm\sinc\template\basic\swf\actionscript\InnerBackground.as <-- T3WEB /datascm/9001/WebApp/nscm/sinc/template/basic/swf/actionscript InnerBackground.as
109.05.31 01:40 B C:\T3Series\projects\nscm\sinc\template\basic\swf\actionscript\Invisible.as <-- T3WEB /datascm/9001/WebApp/nscm/sinc/template/basic/swf/actionscript Invisible.as
109.05.31 01:40 B C:\T3Series\projects\nscm\sinc\template\basic\swf\actionscript\Keys.as <-- T3WEB /datascm/9001/WebApp/nscm/sinc/template/basic/swf/actionscript Keys.as
109.05.31 01:40 B C:\T3Series\projects\nscm\sinc\template\basic\swf\actionscript\LineDot.as <-- T3WEB /datascm/9001/WebApp/nscm/sinc/template/basic/swf/actionscript LineDot.as
109.05.31 01:40 B C:\T3Series\projects\nscm\sinc\template\basic\swf\actionscript\LineHollow.as <-- T3WEB /datascm/9001/WebApp/nscm/sinc/template/basic/swf/actionscript LineHollow.as
109.05.31 01:40 B C:\T3Series\projects\nscm\sinc\template\basic\swf\actionscript\LineStyle.as <-- T3WEB /datascm/9001/WebApp/nscm/sinc/template/basic/swf/actionscript LineStyle.as
109.05.31 01:40 B C:\T3Series\projects\nscm\sinc\template\basic\swf\actionscript\Loading.as <-- T3WEB /datascm/9001/WebApp/nscm/sinc/template/basic/swf/actionscript Loading.as
109.05.31 01:40 B C:\T3Series\projects\nscm\sinc\template\basic\swf\actionscript\MinMax.as <-- T3WEB /datascm/9001/WebApp/nscm/sinc/template/basic/swf/actionscript MinMax.as
109.05.31 01:40 B C:\T3Series\projects\nscm\sinc\template\basic\swf\actionscript\NumberFormat.as <-- T3WEB /datascm/9001/WebApp/nscm/sinc/template/basic/swf/actionscript NumberFormat.as
109.05.31 01:40 B C:\T3Series\projects\nscm\sinc\template\basic\swf\actionscript\NumberUtils.as <-- T3WEB /datascm/9001/WebApp/nscm/sinc/template/basic/swf/actionscript NumberUtils.as
109.05.31 01:40 B C:\T3Series\projects\nscm\sinc\template\basic\swf\actionscript\open-flash-chart.as <-- T3WEB /datascm/9001/WebApp/nscm/sinc/template/basic/swf/actionscript open-flash-chart.as
109.05.31 01:40 B C:\T3Series\projects\nscm\sinc\template\basic\swf\actionscript\open-flash-chart.fla <-- T3WEB /datascm/9001/WebApp/nscm/sinc/template/basic/swf/actionscript open-flash-chart.fla
109.05.31 01:40 B C:\T3Series\projects\nscm\sinc\template\basic\swf\actionscript\open-flash-chart.html <-- T3WEB /datascm/9001/WebApp/nscm/sinc/template/basic/swf/actionscript open-flash-chart.html
109.05.31 01:40 B C:\T3Series\projects\nscm\sinc\template\basic\swf\actionscript\open-flash-chart.swf <-- T3WEB /datascm/9001/WebApp/nscm/sinc/template/basic/swf/actionscript open-flash-chart.swf
109.05.31 01:40 B C:\T3Series\projects\nscm\sinc\template\basic\swf\actionscript\Parser.as <-- T3WEB /datascm/9001/WebApp/nscm/sinc/template/basic/swf/actionscript Parser.as
109.05.31 01:40 B C:\T3Series\projects\nscm\sinc\template\basic\swf\actionscript\PieStyle.as <-- T3WEB /datascm/9001/WebApp/nscm/sinc/template/basic/swf/actionscript PieStyle.as
109.05.31 01:40 B C:\T3Series\projects\nscm\sinc\template\basic\swf\actionscript\Point.as <-- T3WEB /datascm/9001/WebApp/nscm/sinc/template/basic/swf/actionscript Point.as
109.05.31 01:40 B C:\T3Series\projects\nscm\sinc\template\basic\swf\actionscript\PointBar.as <-- T3WEB /datascm/9001/WebApp/nscm/sinc/template/basic/swf/actionscript PointBar.as
109.05.31 01:40 B C:\T3Series\projects\nscm\sinc\template\basic\swf\actionscript\PointCandle.as <-- T3WEB /datascm/9001/WebApp/nscm/sinc/template/basic/swf/actionscript PointCandle.as
109.05.31 01:40 B C:\T3Series\projects\nscm\sinc\template\basic\swf\actionscript\PointHLC.as <-- T3WEB /datascm/9001/WebApp/nscm/sinc/template/basic/swf/actionscript PointHLC.as
109.05.31 01:40 B C:\T3Series\projects\nscm\sinc\template\basic\swf\actionscript\PointScatter.as <-- T3WEB /datascm/9001/WebApp/nscm/sinc/template/basic/swf/actionscript PointScatter.as
109.05.31 01:40 B C:\T3Series\projects\nscm\sinc\template\basic\swf\actionscript\prototype.drawCircle.as <-- T3WEB /datascm/9001/WebApp/nscm/sinc/template/basic/swf/actionscript prototype.drawCircle.as
109.05.31 01:40 B C:\T3Series\projects\nscm\sinc\template\basic\swf\actionscript\prototype.fillCircle.as <-- T3WEB /datascm/9001/WebApp/nscm/sinc/template/basic/swf/actionscript prototype.fillCircle.as
109.05.31 01:40 B C:\T3Series\projects\nscm\sinc\template\basic\swf\actionscript\README.txt <-- T3WEB /datascm/9001/WebApp/nscm/sinc/template/basic/swf/actionscript README.txt
109.05.31 01:40 B C:\T3Series\projects\nscm\sinc\template\basic\swf\actionscript\rrectangle.as <-- T3WEB /datascm/9001/WebApp/nscm/sinc/template/basic/swf/actionscript rrectangle.as
109.05.31 01:40 B C:\T3Series\projects\nscm\sinc\template\basic\swf\actionscript\Scatter.as <-- T3WEB /datascm/9001/WebApp/nscm/sinc/template/basic/swf/actionscript Scatter.as
109.05.31 01:40 B C:\T3Series\projects\nscm\sinc\template\basic\swf\actionscript\Size.as <-- T3WEB /datascm/9001/WebApp/nscm/sinc/template/basic/swf/actionscript Size.as
109.05.31 01:40 B C:\T3Series\projects\nscm\sinc\template\basic\swf\actionscript\Square.as <-- T3WEB /datascm/9001/WebApp/nscm/sinc/template/basic/swf/actionscript Square.as
109.05.31 01:40 B C:\T3Series\projects\nscm\sinc\template\basic\swf\actionscript\String.prototype.replace.as <-- T3WEB /datascm/9001/WebApp/nscm/sinc/template/basic/swf/actionscript String.prototype.replace.as
109.05.31 01:40 B C:\T3Series\projects\nscm\sinc\template\basic\swf\actionscript\Style.as <-- T3WEB /datascm/9001/WebApp/nscm/sinc/template/basic/swf/actionscript Style.as
109.05.31 01:40 B C:\T3Series\projects\nscm\sinc\template\basic\swf\actionscript\Title.as <-- T3WEB /datascm/9001/WebApp/nscm/sinc/template/basic/swf/actionscript Title.as
109.05.31 01:40 B C:\T3Series\projects\nscm\sinc\template\basic\swf\actionscript\Tooltip.as <-- T3WEB /datascm/9001/WebApp/nscm/sinc/template/basic/swf/actionscript Tooltip.as
109.05.31 01:40 B C:\T3Series\projects\nscm\sinc\template\basic\swf\actionscript\Values.as <-- T3WEB /datascm/9001/WebApp/nscm/sinc/template/basic/swf/actionscript Values.as
109.05.31 01:40 B C:\T3Series\projects\nscm\sinc\template\basic\swf\actionscript\XAxis.as <-- T3WEB /datascm/9001/WebApp/nscm/sinc/template/basic/swf/actionscript XAxis.as
109.05.31 01:40 B C:\T3Series\projects\nscm\sinc\template\basic\swf\actionscript\XAxisLabels.as <-- T3WEB /datascm/9001/WebApp/nscm/sinc/template/basic/swf/actionscript XAxisLabels.as
109.05.31 01:40 B C:\T3Series\projects\nscm\sinc\template\basic\swf\actionscript\XLabelStyle.as <-- T3WEB /datascm/9001/WebApp/nscm/sinc/template/basic/swf/actionscript XLabelStyle.as
109.05.31 01:40 B C:\T3Series\projects\nscm\sinc\template\basic\swf\actionscript\XLegend.as <-- T3WEB /datascm/9001/WebApp/nscm/sinc/template/basic/swf/actionscript XLegend.as
109.05.31 01:40 B C:\T3Series\projects\nscm\sinc\template\basic\swf\actionscript\YAxis.as <-- T3WEB /datascm/9001/WebApp/nscm/sinc/template/basic/swf/actionscript YAxis.as
109.05.31 01:40 B C:\T3Series\projects\nscm\sinc\template\basic\swf\actionscript\YAxisLabels.as <-- T3WEB /datascm/9001/WebApp/nscm/sinc/template/basic/swf/actionscript YAxisLabels.as
109.05.31 01:40 B C:\T3Series\projects\nscm\sinc\template\basic\swf\actionscript\YLabelStyle.as <-- T3WEB /datascm/9001/WebApp/nscm/sinc/template/basic/swf/actionscript YLabelStyle.as
109.05.31 01:40 B C:\T3Series\projects\nscm\sinc\template\basic\swf\actionscript\YLegend.as <-- T3WEB /datascm/9001/WebApp/nscm/sinc/template/basic/swf/actionscript YLegend.as
109.05.31 01:40 B C:\T3Series\projects\nscm\sinc\template\basic\swf\actionscript\YTicks.as <-- T3WEB /datascm/9001/WebApp/nscm/sinc/template/basic/swf/actionscript YTicks.as
