109.05.31 01:40 B C:\T3Series\projects\nscm\sinc\template\extension\script\jscalendar\lang\calendar-af.js <-- T3WEB /datascm/9001/WebApp/nscm/sinc/template/extension/script/jscalendar/lang calendar-af.js
109.05.31 01:40 B C:\T3Series\projects\nscm\sinc\template\extension\script\jscalendar\lang\calendar-br.js <-- T3WEB /datascm/9001/WebApp/nscm/sinc/template/extension/script/jscalendar/lang calendar-br.js
109.05.31 01:40 B C:\T3Series\projects\nscm\sinc\template\extension\script\jscalendar\lang\calendar-ca.js <-- T3WEB /datascm/9001/WebApp/nscm/sinc/template/extension/script/jscalendar/lang calendar-ca.js
109.05.31 01:40 B C:\T3Series\projects\nscm\sinc\template\extension\script\jscalendar\lang\calendar-cs-win.js <-- T3WEB /datascm/9001/WebApp/nscm/sinc/template/extension/script/jscalendar/lang calendar-cs-win.js
109.05.31 01:40 B C:\T3Series\projects\nscm\sinc\template\extension\script\jscalendar\lang\calendar-da.js <-- T3WEB /datascm/9001/WebApp/nscm/sinc/template/extension/script/jscalendar/lang calendar-da.js
109.05.31 01:40 B C:\T3Series\projects\nscm\sinc\template\extension\script\jscalendar\lang\calendar-de.js <-- T3WEB /datascm/9001/WebApp/nscm/sinc/template/extension/script/jscalendar/lang calendar-de.js
109.05.31 01:40 B C:\T3Series\projects\nscm\sinc\template\extension\script\jscalendar\lang\calendar-du.js <-- T3WEB /datascm/9001/WebApp/nscm/sinc/template/extension/script/jscalendar/lang calendar-du.js
109.05.31 01:40 B C:\T3Series\projects\nscm\sinc\template\extension\script\jscalendar\lang\calendar-el.js <-- T3WEB /datascm/9001/WebApp/nscm/sinc/template/extension/script/jscalendar/lang calendar-el.js
109.05.31 01:40 B C:\T3Series\projects\nscm\sinc\template\extension\script\jscalendar\lang\calendar-en.js <-- T3WEB /datascm/9001/WebApp/nscm/sinc/template/extension/script/jscalendar/lang calendar-en.js
109.05.31 01:40 B C:\T3Series\projects\nscm\sinc\template\extension\script\jscalendar\lang\calendar-es.js <-- T3WEB /datascm/9001/WebApp/nscm/sinc/template/extension/script/jscalendar/lang calendar-es.js
109.05.31 01:40 B C:\T3Series\projects\nscm\sinc\template\extension\script\jscalendar\lang\calendar-fi.js <-- T3WEB /datascm/9001/WebApp/nscm/sinc/template/extension/script/jscalendar/lang calendar-fi.js
109.05.31 01:40 B C:\T3Series\projects\nscm\sinc\template\extension\script\jscalendar\lang\calendar-fr.js <-- T3WEB /datascm/9001/WebApp/nscm/sinc/template/extension/script/jscalendar/lang calendar-fr.js
109.05.31 01:40 B C:\T3Series\projects\nscm\sinc\template\extension\script\jscalendar\lang\calendar-hr-utf8.js <-- T3WEB /datascm/9001/WebApp/nscm/sinc/template/extension/script/jscalendar/lang calendar-hr-utf8.js
109.05.31 01:40 B C:\T3Series\projects\nscm\sinc\template\extension\script\jscalendar\lang\calendar-hr.js <-- T3WEB /datascm/9001/WebApp/nscm/sinc/template/extension/script/jscalendar/lang calendar-hr.js
109.05.31 01:40 B C:\T3Series\projects\nscm\sinc\template\extension\script\jscalendar\lang\calendar-hu.js <-- T3WEB /datascm/9001/WebApp/nscm/sinc/template/extension/script/jscalendar/lang calendar-hu.js
109.05.31 01:40 B C:\T3Series\projects\nscm\sinc\template\extension\script\jscalendar\lang\calendar-it.js <-- T3WEB /datascm/9001/WebApp/nscm/sinc/template/extension/script/jscalendar/lang calendar-it.js
109.05.31 01:40 B C:\T3Series\projects\nscm\sinc\template\extension\script\jscalendar\lang\calendar-jp.js <-- T3WEB /datascm/9001/WebApp/nscm/sinc/template/extension/script/jscalendar/lang calendar-jp.js
109.05.31 01:40 B C:\T3Series\projects\nscm\sinc\template\extension\script\jscalendar\lang\calendar-ko-utf8.js <-- T3WEB /datascm/9001/WebApp/nscm/sinc/template/extension/script/jscalendar/lang calendar-ko-utf8.js
109.05.31 01:40 B C:\T3Series\projects\nscm\sinc\template\extension\script\jscalendar\lang\calendar-ko.js <-- T3WEB /datascm/9001/WebApp/nscm/sinc/template/extension/script/jscalendar/lang calendar-ko.js
109.05.31 01:40 B C:\T3Series\projects\nscm\sinc\template\extension\script\jscalendar\lang\calendar-lt-utf8.js <-- T3WEB /datascm/9001/WebApp/nscm/sinc/template/extension/script/jscalendar/lang calendar-lt-utf8.js
109.05.31 01:40 B C:\T3Series\projects\nscm\sinc\template\extension\script\jscalendar\lang\calendar-lt.js <-- T3WEB /datascm/9001/WebApp/nscm/sinc/template/extension/script/jscalendar/lang calendar-lt.js
109.05.31 01:40 B C:\T3Series\projects\nscm\sinc\template\extension\script\jscalendar\lang\calendar-nl.js <-- T3WEB /datascm/9001/WebApp/nscm/sinc/template/extension/script/jscalendar/lang calendar-nl.js
109.05.31 01:40 B C:\T3Series\projects\nscm\sinc\template\extension\script\jscalendar\lang\calendar-no.js <-- T3WEB /datascm/9001/WebApp/nscm/sinc/template/extension/script/jscalendar/lang calendar-no.js
109.05.31 01:40 B C:\T3Series\projects\nscm\sinc\template\extension\script\jscalendar\lang\calendar-pl-utf8.js <-- T3WEB /datascm/9001/WebApp/nscm/sinc/template/extension/script/jscalendar/lang calendar-pl-utf8.js
109.05.31 01:40 B C:\T3Series\projects\nscm\sinc\template\extension\script\jscalendar\lang\calendar-pl.js <-- T3WEB /datascm/9001/WebApp/nscm/sinc/template/extension/script/jscalendar/lang calendar-pl.js
109.05.31 01:40 B C:\T3Series\projects\nscm\sinc\template\extension\script\jscalendar\lang\calendar-pt.js <-- T3WEB /datascm/9001/WebApp/nscm/sinc/template/extension/script/jscalendar/lang calendar-pt.js
109.05.31 01:40 B C:\T3Series\projects\nscm\sinc\template\extension\script\jscalendar\lang\calendar-ro.js <-- T3WEB /datascm/9001/WebApp/nscm/sinc/template/extension/script/jscalendar/lang calendar-ro.js
109.05.31 01:40 B C:\T3Series\projects\nscm\sinc\template\extension\script\jscalendar\lang\calendar-ru.js <-- T3WEB /datascm/9001/WebApp/nscm/sinc/template/extension/script/jscalendar/lang calendar-ru.js
109.05.31 01:40 B C:\T3Series\projects\nscm\sinc\template\extension\script\jscalendar\lang\calendar-si.js <-- T3WEB /datascm/9001/WebApp/nscm/sinc/template/extension/script/jscalendar/lang calendar-si.js
109.05.31 01:40 B C:\T3Series\projects\nscm\sinc\template\extension\script\jscalendar\lang\calendar-sk.js <-- T3WEB /datascm/9001/WebApp/nscm/sinc/template/extension/script/jscalendar/lang calendar-sk.js
109.05.31 01:40 B C:\T3Series\projects\nscm\sinc\template\extension\script\jscalendar\lang\calendar-sp.js <-- T3WEB /datascm/9001/WebApp/nscm/sinc/template/extension/script/jscalendar/lang calendar-sp.js
109.05.31 01:40 B C:\T3Series\projects\nscm\sinc\template\extension\script\jscalendar\lang\calendar-sv.js <-- T3WEB /datascm/9001/WebApp/nscm/sinc/template/extension/script/jscalendar/lang calendar-sv.js
109.05.31 01:40 B C:\T3Series\projects\nscm\sinc\template\extension\script\jscalendar\lang\calendar-tr.js <-- T3WEB /datascm/9001/WebApp/nscm/sinc/template/extension/script/jscalendar/lang calendar-tr.js
109.05.31 01:40 B C:\T3Series\projects\nscm\sinc\template\extension\script\jscalendar\lang\calendar-zh.js <-- T3WEB /datascm/9001/WebApp/nscm/sinc/template/extension/script/jscalendar/lang calendar-zh.js
